{"$message_type":"diagnostic","message":"cannot find macro `asset` in this scope","code":null,"level":"error","spans":[{"file_name":"/Users/valentinrenaud/.rustup/toolchains/stable-aarch64-apple-darwin/lib/rustlib/src/rust/library/core/src/macros/mod.rs","byte_start":57433,"byte_end":57452,"line_start":1586,"line_end":1586,"column_start":5,"column_end":24,"is_primary":false,"text":[{"text":"    macro_rules! assert {","highlight_start":5,"highlight_end":24}],"label":"similarly named macro `assert` defined here","suggested_replacement":null,"suggestion_applicability":null,"expansion":null},{"file_name":"src/main.rs","byte_start":327,"byte_end":332,"line_start":8,"line_end":8,"column_start":29,"column_end":34,"is_primary":true,"text":[{"text":"const TAILWIND_CSS: Asset = asset!(\"/assets/tailwind.css\");","highlight_start":29,"highlight_end":34}],"label":null,"suggested_replacement":null,"suggestion_applicability":null,"expansion":null}],"children":[{"message":"a macro with a similar name exists","code":null,"level":"help","spans":[{"file_name":"src/main.rs","byte_start":327,"byte_end":332,"line_start":8,"line_end":8,"column_start":29,"column_end":34,"is_primary":true,"text":[{"text":"const TAILWIND_CSS: Asset = asset!(\"/assets/tailwind.css\");","highlight_start":29,"highlight_end":34}],"label":null,"suggested_replacement":"assert","suggestion_applicability":"MaybeIncorrect","expansion":null}],"children":[],"rendered":null}],"rendered":"\u001b[1m\u001b[91merror\u001b[0m\u001b[1m: cannot find macro `asset` in this scope\u001b[0m\n    \u001b[1m\u001b[94m--> \u001b[0msrc/main.rs:8:29\n     \u001b[1m\u001b[94m|\u001b[0m\n   \u001b[1m\u001b[94m8\u001b[0m \u001b[1m\u001b[94m|\u001b[0m const TAILWIND_CSS: Asset = asset!(\"/assets/tailwind.css\");\n     \u001b[1m\u001b[94m|\u001b[0m                             \u001b[1m\u001b[91m^^^^^\u001b[0m \u001b[1m\u001b[91mhelp: a macro with a similar name exists: `assert`\u001b[0m\n     \u001b[1m\u001b[94m|\u001b[0m\n    \u001b[1m\u001b[94m::: \u001b[0m/Users/valentinrenaud/.rustup/toolchains/stable-aarch64-apple-darwin/lib/rustlib/src/rust/library/core/src/macros/mod.rs:1586:5\n     \u001b[1m\u001b[94m|\u001b[0m\n\u001b[1m\u001b[94m1586\u001b[0m \u001b[1m\u001b[94m|\u001b[0m     macro_rules! assert {\n     \u001b[1m\u001b[94m|\u001b[0m     \u001b[1m\u001b[94m-------------------\u001b[0m \u001b[1m\u001b[94msimilarly named macro `assert` defined here\u001b[0m\n\n"}
{"$message_type":"diagnostic","message":"cannot find macro `asset` in this scope","code":null,"level":"error","spans":[{"file_name":"/Users/valentinrenaud/.rustup/toolchains/stable-aarch64-apple-darwin/lib/rustlib/src/rust/library/core/src/macros/mod.rs","byte_start":57433,"byte_end":57452,"line_start":1586,"line_end":1586,"column_start":5,"column_end":24,"is_primary":false,"text":[{"text":"    macro_rules! assert {","highlight_start":5,"highlight_end":24}],"label":"similarly named macro `assert` defined here","suggested_replacement":null,"suggestion_applicability":null,"expansion":null},{"file_name":"src/main.rs","byte_start":269,"byte_end":274,"line_start":7,"line_end":7,"column_start":27,"column_end":32,"is_primary":true,"text":[{"text":"const HEADER_SVG: Asset = asset!(\"/assets/header.svg\");","highlight_start":27,"highlight_end":32}],"label":null,"suggested_replacement":null,"suggestion_applicability":null,"expansion":null}],"children":[{"message":"a macro with a similar name exists","code":null,"level":"help","spans":[{"file_name":"src/main.rs","byte_start":269,"byte_end":274,"line_start":7,"line_end":7,"column_start":27,"column_end":32,"is_primary":true,"text":[{"text":"const HEADER_SVG: Asset = asset!(\"/assets/header.svg\");","highlight_start":27,"highlight_end":32}],"label":null,"suggested_replacement":"assert","suggestion_applicability":"MaybeIncorrect","expansion":null}],"children":[],"rendered":null}],"rendered":"\u001b[1m\u001b[91merror\u001b[0m\u001b[1m: cannot find macro `asset` in this scope\u001b[0m\n    \u001b[1m\u001b[94m--> \u001b[0msrc/main.rs:7:27\n     \u001b[1m\u001b[94m|\u001b[0m\n   \u001b[1m\u001b[94m7\u001b[0m \u001b[1m\u001b[94m|\u001b[0m const HEADER_SVG: Asset = asset!(\"/assets/header.svg\");\n     \u001b[1m\u001b[94m|\u001b[0m                           \u001b[1m\u001b[91m^^^^^\u001b[0m \u001b[1m\u001b[91mhelp: a macro with a similar name exists: `assert`\u001b[0m\n     \u001b[1m\u001b[94m|\u001b[0m\n    \u001b[1m\u001b[94m::: \u001b[0m/Users/valentinrenaud/.rustup/toolchains/stable-aarch64-apple-darwin/lib/rustlib/src/rust/library/core/src/macros/mod.rs:1586:5\n     \u001b[1m\u001b[94m|\u001b[0m\n\u001b[1m\u001b[94m1586\u001b[0m \u001b[1m\u001b[94m|\u001b[0m     macro_rules! assert {\n     \u001b[1m\u001b[94m|\u001b[0m     \u001b[1m\u001b[94m-------------------\u001b[0m \u001b[1m\u001b[94msimilarly named macro `assert` defined here\u001b[0m\n\n"}
{"$message_type":"diagnostic","message":"cannot find macro `asset` in this scope","code":null,"level":"error","spans":[{"file_name":"/Users/valentinrenaud/.rustup/toolchains/stable-aarch64-apple-darwin/lib/rustlib/src/rust/library/core/src/macros/mod.rs","byte_start":57433,"byte_end":57452,"line_start":1586,"line_end":1586,"column_start":5,"column_end":24,"is_primary":false,"text":[{"text":"    macro_rules! assert {","highlight_start":5,"highlight_end":24}],"label":"similarly named macro `assert` defined here","suggested_replacement":null,"suggestion_applicability":null,"expansion":null},{"file_name":"src/main.rs","byte_start":215,"byte_end":220,"line_start":6,"line_end":6,"column_start":25,"column_end":30,"is_primary":true,"text":[{"text":"const MAIN_CSS: Asset = asset!(\"/assets/main.css\");","highlight_start":25,"highlight_end":30}],"label":null,"suggested_replacement":null,"suggestion_applicability":null,"expansion":null}],"children":[{"message":"a macro with a similar name exists","code":null,"level":"help","spans":[{"file_name":"src/main.rs","byte_start":215,"byte_end":220,"line_start":6,"line_end":6,"column_start":25,"column_end":30,"is_primary":true,"text":[{"text":"const MAIN_CSS: Asset = asset!(\"/assets/main.css\");","highlight_start":25,"highlight_end":30}],"label":null,"suggested_replacement":"assert","suggestion_applicability":"MaybeIncorrect","expansion":null}],"children":[],"rendered":null}],"rendered":"\u001b[1m\u001b[91merror\u001b[0m\u001b[1m: cannot find macro `asset` in this scope\u001b[0m\n    \u001b[1m\u001b[94m--> \u001b[0msrc/main.rs:6:25\n     \u001b[1m\u001b[94m|\u001b[0m\n   \u001b[1m\u001b[94m6\u001b[0m \u001b[1m\u001b[94m|\u001b[0m const MAIN_CSS: Asset = asset!(\"/assets/main.css\");\n     \u001b[1m\u001b[94m|\u001b[0m                         \u001b[1m\u001b[91m^^^^^\u001b[0m \u001b[1m\u001b[91mhelp: a macro with a similar name exists: `assert`\u001b[0m\n     \u001b[1m\u001b[94m|\u001b[0m\n    \u001b[1m\u001b[94m::: \u001b[0m/Users/valentinrenaud/.rustup/toolchains/stable-aarch64-apple-darwin/lib/rustlib/src/rust/library/core/src/macros/mod.rs:1586:5\n     \u001b[1m\u001b[94m|\u001b[0m\n\u001b[1m\u001b[94m1586\u001b[0m \u001b[1m\u001b[94m|\u001b[0m     macro_rules! assert {\n     \u001b[1m\u001b[94m|\u001b[0m     \u001b[1m\u001b[94m-------------------\u001b[0m \u001b[1m\u001b[94msimilarly named macro `assert` defined here\u001b[0m\n\n"}
{"$message_type":"diagnostic","message":"cannot find macro `asset` in this scope","code":null,"level":"error","spans":[{"file_name":"/Users/valentinrenaud/.rustup/toolchains/stable-aarch64-apple-darwin/lib/rustlib/src/rust/library/core/src/macros/mod.rs","byte_start":57433,"byte_end":57452,"line_start":1586,"line_end":1586,"column_start":5,"column_end":24,"is_primary":false,"text":[{"text":"    macro_rules! assert {","highlight_start":5,"highlight_end":24}],"label":"similarly named macro `assert` defined here","suggested_replacement":null,"suggestion_applicability":null,"expansion":null},{"file_name":"src/main.rs","byte_start":160,"byte_end":165,"line_start":5,"line_end":5,"column_start":24,"column_end":29,"is_primary":true,"text":[{"text":"const FAVICON: Asset = asset!(\"/assets/favicon.ico\");","highlight_start":24,"highlight_end":29}],"label":null,"suggested_replacement":null,"suggestion_applicability":null,"expansion":null}],"children":[{"message":"a macro with a similar name exists","code":null,"level":"help","spans":[{"file_name":"src/main.rs","byte_start":160,"byte_end":165,"line_start":5,"line_end":5,"column_start":24,"column_end":29,"is_primary":true,"text":[{"text":"const FAVICON: Asset = asset!(\"/assets/favicon.ico\");","highlight_start":24,"highlight_end":29}],"label":null,"suggested_replacement":"assert","suggestion_applicability":"MaybeIncorrect","expansion":null}],"children":[],"rendered":null}],"rendered":"\u001b[1m\u001b[91merror\u001b[0m\u001b[1m: cannot find macro `asset` in this scope\u001b[0m\n    \u001b[1m\u001b[94m--> \u001b[0msrc/main.rs:5:24\n     \u001b[1m\u001b[94m|\u001b[0m\n   \u001b[1m\u001b[94m5\u001b[0m \u001b[1m\u001b[94m|\u001b[0m const FAVICON: Asset = asset!(\"/assets/favicon.ico\");\n     \u001b[1m\u001b[94m|\u001b[0m                        \u001b[1m\u001b[91m^^^^^\u001b[0m \u001b[1m\u001b[91mhelp: a macro with a similar name exists: `assert`\u001b[0m\n     \u001b[1m\u001b[94m|\u001b[0m\n    \u001b[1m\u001b[94m::: \u001b[0m/Users/valentinrenaud/.rustup/toolchains/stable-aarch64-apple-darwin/lib/rustlib/src/rust/library/core/src/macros/mod.rs:1586:5\n     \u001b[1m\u001b[94m|\u001b[0m\n\u001b[1m\u001b[94m1586\u001b[0m \u001b[1m\u001b[94m|\u001b[0m     macro_rules! assert {\n     \u001b[1m\u001b[94m|\u001b[0m     \u001b[1m\u001b[94m-------------------\u001b[0m \u001b[1m\u001b[94msimilarly named macro `assert` defined here\u001b[0m\n\n"}
{"$message_type":"diagnostic","message":"cannot find type `Asset` in this scope","code":{"code":"E0412","explanation":"A used type name is not in scope.\n\nErroneous code examples:\n\n```compile_fail,E0412\nimpl Something {} // error: type name `Something` is not in scope\n\n// or:\n\ntrait Foo {\n    fn bar(N); // error: type name `N` is not in scope\n}\n\n// or:\n\nfn foo(x: T) {} // type name `T` is not in scope\n```\n\nTo fix this error, please verify you didn't misspell the type name, you did\ndeclare it or imported it into the scope. Examples:\n\n```\nstruct Something;\n\nimpl Something {} // ok!\n\n// or:\n\ntrait Foo {\n    type N;\n\n    fn bar(_: Self::N); // ok!\n}\n\n// or:\n\nfn foo<T>(x: T) {} // ok!\n```\n\nAnother case that causes this error is when a type is imported into a parent\nmodule. To fix this, you can follow the suggestion and use File directly or\n`use super::File;` which will import the types from the parent namespace. An\nexample that causes this error is below:\n\n```compile_fail,E0412\nuse std::fs::File;\n\nmod foo {\n    fn some_function(f: File) {}\n}\n```\n\n```\nuse std::fs::File;\n\nmod foo {\n    // either\n    use super::File;\n    // or\n    // use std::fs::File;\n    fn foo(f: File) {}\n}\n# fn main() {} // don't insert it for us; that'll break imports\n```\n"},"level":"error","spans":[{"file_name":"src/main.rs","byte_start":152,"byte_end":157,"line_start":5,"line_end":5,"column_start":16,"column_end":21,"is_primary":true,"text":[{"text":"const FAVICON: Asset = asset!(\"/assets/favicon.ico\");","highlight_start":16,"highlight_end":21}],"label":"not found in this scope","suggested_replacement":null,"suggestion_applicability":null,"expansion":null}],"children":[],"rendered":"\u001b[1m\u001b[91merror[E0412]\u001b[0m\u001b[1m: cannot find type `Asset` in this scope\u001b[0m\n \u001b[1m\u001b[94m--> \u001b[0msrc/main.rs:5:16\n  \u001b[1m\u001b[94m|\u001b[0m\n\u001b[1m\u001b[94m5\u001b[0m \u001b[1m\u001b[94m|\u001b[0m const FAVICON: Asset = asset!(\"/assets/favicon.ico\");\n  \u001b[1m\u001b[94m|\u001b[0m                \u001b[1m\u001b[91m^^^^^\u001b[0m \u001b[1m\u001b[91mnot found in this scope\u001b[0m\n\n"}
{"$message_type":"diagnostic","message":"cannot find type `Asset` in this scope","code":{"code":"E0412","explanation":"A used type name is not in scope.\n\nErroneous code examples:\n\n```compile_fail,E0412\nimpl Something {} // error: type name `Something` is not in scope\n\n// or:\n\ntrait Foo {\n    fn bar(N); // error: type name `N` is not in scope\n}\n\n// or:\n\nfn foo(x: T) {} // type name `T` is not in scope\n```\n\nTo fix this error, please verify you didn't misspell the type name, you did\ndeclare it or imported it into the scope. Examples:\n\n```\nstruct Something;\n\nimpl Something {} // ok!\n\n// or:\n\ntrait Foo {\n    type N;\n\n    fn bar(_: Self::N); // ok!\n}\n\n// or:\n\nfn foo<T>(x: T) {} // ok!\n```\n\nAnother case that causes this error is when a type is imported into a parent\nmodule. To fix this, you can follow the suggestion and use File directly or\n`use super::File;` which will import the types from the parent namespace. An\nexample that causes this error is below:\n\n```compile_fail,E0412\nuse std::fs::File;\n\nmod foo {\n    fn some_function(f: File) {}\n}\n```\n\n```\nuse std::fs::File;\n\nmod foo {\n    // either\n    use super::File;\n    // or\n    // use std::fs::File;\n    fn foo(f: File) {}\n}\n# fn main() {} // don't insert it for us; that'll break imports\n```\n"},"level":"error","spans":[{"file_name":"src/main.rs","byte_start":207,"byte_end":212,"line_start":6,"line_end":6,"column_start":17,"column_end":22,"is_primary":true,"text":[{"text":"const MAIN_CSS: Asset = asset!(\"/assets/main.css\");","highlight_start":17,"highlight_end":22}],"label":"not found in this scope","suggested_replacement":null,"suggestion_applicability":null,"expansion":null}],"children":[],"rendered":"\u001b[1m\u001b[91merror[E0412]\u001b[0m\u001b[1m: cannot find type `Asset` in this scope\u001b[0m\n \u001b[1m\u001b[94m--> \u001b[0msrc/main.rs:6:17\n  \u001b[1m\u001b[94m|\u001b[0m\n\u001b[1m\u001b[94m6\u001b[0m \u001b[1m\u001b[94m|\u001b[0m const MAIN_CSS: Asset = asset!(\"/assets/main.css\");\n  \u001b[1m\u001b[94m|\u001b[0m                 \u001b[1m\u001b[91m^^^^^\u001b[0m \u001b[1m\u001b[91mnot found in this scope\u001b[0m\n\n"}
{"$message_type":"diagnostic","message":"cannot find type `Asset` in this scope","code":{"code":"E0412","explanation":"A used type name is not in scope.\n\nErroneous code examples:\n\n```compile_fail,E0412\nimpl Something {} // error: type name `Something` is not in scope\n\n// or:\n\ntrait Foo {\n    fn bar(N); // error: type name `N` is not in scope\n}\n\n// or:\n\nfn foo(x: T) {} // type name `T` is not in scope\n```\n\nTo fix this error, please verify you didn't misspell the type name, you did\ndeclare it or imported it into the scope. Examples:\n\n```\nstruct Something;\n\nimpl Something {} // ok!\n\n// or:\n\ntrait Foo {\n    type N;\n\n    fn bar(_: Self::N); // ok!\n}\n\n// or:\n\nfn foo<T>(x: T) {} // ok!\n```\n\nAnother case that causes this error is when a type is imported into a parent\nmodule. To fix this, you can follow the suggestion and use File directly or\n`use super::File;` which will import the types from the parent namespace. An\nexample that causes this error is below:\n\n```compile_fail,E0412\nuse std::fs::File;\n\nmod foo {\n    fn some_function(f: File) {}\n}\n```\n\n```\nuse std::fs::File;\n\nmod foo {\n    // either\n    use super::File;\n    // or\n    // use std::fs::File;\n    fn foo(f: File) {}\n}\n# fn main() {} // don't insert it for us; that'll break imports\n```\n"},"level":"error","spans":[{"file_name":"src/main.rs","byte_start":261,"byte_end":266,"line_start":7,"line_end":7,"column_start":19,"column_end":24,"is_primary":true,"text":[{"text":"const HEADER_SVG: Asset = asset!(\"/assets/header.svg\");","highlight_start":19,"highlight_end":24}],"label":"not found in this scope","suggested_replacement":null,"suggestion_applicability":null,"expansion":null}],"children":[],"rendered":"\u001b[1m\u001b[91merror[E0412]\u001b[0m\u001b[1m: cannot find type `Asset` in this scope\u001b[0m\n \u001b[1m\u001b[94m--> \u001b[0msrc/main.rs:7:19\n  \u001b[1m\u001b[94m|\u001b[0m\n\u001b[1m\u001b[94m7\u001b[0m \u001b[1m\u001b[94m|\u001b[0m const HEADER_SVG: Asset = asset!(\"/assets/header.svg\");\n  \u001b[1m\u001b[94m|\u001b[0m                   \u001b[1m\u001b[91m^^^^^\u001b[0m \u001b[1m\u001b[91mnot found in this scope\u001b[0m\n\n"}
{"$message_type":"diagnostic","message":"cannot find type `Asset` in this scope","code":{"code":"E0412","explanation":"A used type name is not in scope.\n\nErroneous code examples:\n\n```compile_fail,E0412\nimpl Something {} // error: type name `Something` is not in scope\n\n// or:\n\ntrait Foo {\n    fn bar(N); // error: type name `N` is not in scope\n}\n\n// or:\n\nfn foo(x: T) {} // type name `T` is not in scope\n```\n\nTo fix this error, please verify you didn't misspell the type name, you did\ndeclare it or imported it into the scope. Examples:\n\n```\nstruct Something;\n\nimpl Something {} // ok!\n\n// or:\n\ntrait Foo {\n    type N;\n\n    fn bar(_: Self::N); // ok!\n}\n\n// or:\n\nfn foo<T>(x: T) {} // ok!\n```\n\nAnother case that causes this error is when a type is imported into a parent\nmodule. To fix this, you can follow the suggestion and use File directly or\n`use super::File;` which will import the types from the parent namespace. An\nexample that causes this error is below:\n\n```compile_fail,E0412\nuse std::fs::File;\n\nmod foo {\n    fn some_function(f: File) {}\n}\n```\n\n```\nuse std::fs::File;\n\nmod foo {\n    // either\n    use super::File;\n    // or\n    // use std::fs::File;\n    fn foo(f: File) {}\n}\n# fn main() {} // don't insert it for us; that'll break imports\n```\n"},"level":"error","spans":[{"file_name":"src/main.rs","byte_start":319,"byte_end":324,"line_start":8,"line_end":8,"column_start":21,"column_end":26,"is_primary":true,"text":[{"text":"const TAILWIND_CSS: Asset = asset!(\"/assets/tailwind.css\");","highlight_start":21,"highlight_end":26}],"label":"not found in this scope","suggested_replacement":null,"suggestion_applicability":null,"expansion":null}],"children":[],"rendered":"\u001b[1m\u001b[91merror[E0412]\u001b[0m\u001b[1m: cannot find type `Asset` in this scope\u001b[0m\n \u001b[1m\u001b[94m--> \u001b[0msrc/main.rs:8:21\n  \u001b[1m\u001b[94m|\u001b[0m\n\u001b[1m\u001b[94m8\u001b[0m \u001b[1m\u001b[94m|\u001b[0m const TAILWIND_CSS: Asset = asset!(\"/assets/tailwind.css\");\n  \u001b[1m\u001b[94m|\u001b[0m                     \u001b[1m\u001b[91m^^^^^\u001b[0m \u001b[1m\u001b[91mnot found in this scope\u001b[0m\n\n"}
{"$message_type":"diagnostic","message":"unused imports: `Direction`, `GameState`, and `Position`","code":{"code":"unused_imports","explanation":null},"level":"warning","spans":[{"file_name":"src/main.rs","byte_start":77,"byte_end":86,"line_start":3,"line_end":3,"column_start":13,"column_end":22,"is_primary":true,"text":[{"text":"use snake::{GameState, Position, Direction}; // Importe les structures","highlight_start":13,"highlight_end":22}],"label":null,"suggested_replacement":null,"suggestion_applicability":null,"expansion":null},{"file_name":"src/main.rs","byte_start":88,"byte_end":96,"line_start":3,"line_end":3,"column_start":24,"column_end":32,"is_primary":true,"text":[{"text":"use snake::{GameState, Position, Direction}; // Importe les structures","highlight_start":24,"highlight_end":32}],"label":null,"suggested_replacement":null,"suggestion_applicability":null,"expansion":null},{"file_name":"src/main.rs","byte_start":98,"byte_end":107,"line_start":3,"line_end":3,"column_start":34,"column_end":43,"is_primary":true,"text":[{"text":"use snake::{GameState, Position, Direction}; // Importe les structures","highlight_start":34,"highlight_end":43}],"label":null,"suggested_replacement":null,"suggestion_applicability":null,"expansion":null}],"children":[{"message":"`#[warn(unused_imports)]` (part of `#[warn(unused)]`) on by default","code":null,"level":"note","spans":[],"children":[],"rendered":null},{"message":"remove the whole `use` item","code":null,"level":"help","spans":[{"file_name":"src/main.rs","byte_start":65,"byte_end":109,"line_start":3,"line_end":3,"column_start":1,"column_end":45,"is_primary":true,"text":[{"text":"use snake::{GameState, Position, Direction}; // Importe les structures","highlight_start":1,"highlight_end":45}],"label":null,"suggested_replacement":"","suggestion_applicability":"MachineApplicable","expansion":null}],"children":[],"rendered":null}],"rendered":"\u001b[1m\u001b[33mwarning\u001b[0m\u001b[1m: unused imports: `Direction`, `GameState`, and `Position`\u001b[0m\n \u001b[1m\u001b[94m--> \u001b[0msrc/main.rs:3:13\n  \u001b[1m\u001b[94m|\u001b[0m\n\u001b[1m\u001b[94m3\u001b[0m \u001b[1m\u001b[94m|\u001b[0m use snake::{GameState, Position, Direction}; // Importe les structures\n  \u001b[1m\u001b[94m|\u001b[0m             \u001b[1m\u001b[33m^^^^^^^^^\u001b[0m  \u001b[1m\u001b[33m^^^^^^^^\u001b[0m  \u001b[1m\u001b[33m^^^^^^^^^\u001b[0m\n  \u001b[1m\u001b[94m|\u001b[0m\n  \u001b[1m\u001b[94m= \u001b[0m\u001b[1mnote\u001b[0m: `#[warn(unused_imports)]` (part of `#[warn(unused)]`) on by default\n\n"}
{"$message_type":"diagnostic","message":"failed to resolve: use of unresolved module or unlinked crate `document`","code":{"code":"E0433","explanation":"An undeclared crate, module, or type was used.\n\nErroneous code example:\n\n```compile_fail,E0433\nlet map = HashMap::new();\n// error: failed to resolve: use of undeclared type `HashMap`\n```\n\nPlease verify you didn't misspell the type/module's name or that you didn't\nforget to import it:\n\n```\nuse std::collections::HashMap; // HashMap has been imported.\nlet map: HashMap<u32, u32> = HashMap::new(); // So it can be used!\n```\n\nIf you've expected to use a crate name:\n\n```compile_fail\nuse ferris_wheel::BigO;\n// error: failed to resolve: use of undeclared module or unlinked crate\n```\n\nMake sure the crate has been added as a dependency in `Cargo.toml`.\n\nTo use a module from your current crate, add the `crate::` prefix to the path.\n"},"level":"error","spans":[{"file_name":"src/main.rs","byte_start":454,"byte_end":462,"line_start":17,"line_end":17,"column_start":9,"column_end":17,"is_primary":true,"text":[{"text":"        document::Link { rel: \"icon\", href: FAVICON }","highlight_start":9,"highlight_end":17}],"label":"use of unresolved module or unlinked crate `document`","suggested_replacement":null,"suggestion_applicability":null,"expansion":null}],"children":[{"message":"if you wanted to use a crate named `document`, use `cargo add document` to add it to your `Cargo.toml`","code":null,"level":"help","spans":[],"children":[],"rendered":null}],"rendered":"\u001b[1m\u001b[91merror[E0433]\u001b[0m\u001b[1m: failed to resolve: use of unresolved module or unlinked crate `document`\u001b[0m\n  \u001b[1m\u001b[94m--> \u001b[0msrc/main.rs:17:9\n   \u001b[1m\u001b[94m|\u001b[0m\n\u001b[1m\u001b[94m17\u001b[0m \u001b[1m\u001b[94m|\u001b[0m         document::Link { rel: \"icon\", href: FAVICON }\n   \u001b[1m\u001b[94m|\u001b[0m         \u001b[1m\u001b[91m^^^^^^^^\u001b[0m \u001b[1m\u001b[91muse of unresolved module or unlinked crate `document`\u001b[0m\n   \u001b[1m\u001b[94m|\u001b[0m\n   \u001b[1m\u001b[94m= \u001b[0m\u001b[1mhelp\u001b[0m: if you wanted to use a crate named `document`, use `cargo add document` to add it to your `Cargo.toml`\n\n"}
{"$message_type":"diagnostic","message":"type annotations needed","code":{"code":"E0282","explanation":"The compiler could not infer a type and asked for a type annotation.\n\nErroneous code example:\n\n```compile_fail,E0282\nlet x = Vec::new();\n```\n\nThis error indicates that type inference did not result in one unique possible\ntype, and extra information is required. In most cases this can be provided\nby adding a type annotation. Sometimes you need to specify a generic type\nparameter manually.\n\nIn the example above, type `Vec` has a type parameter `T`. When calling\n`Vec::new`, barring any other later usage of the variable `x` that allows the\ncompiler to infer what type `T` is, the compiler needs to be told what it is.\n\nThe type can be specified on the variable:\n\n```\nlet x: Vec<i32> = Vec::new();\n```\n\nThe type can also be specified in the path of the expression:\n\n```\nlet x = Vec::<i32>::new();\n```\n\nIn cases with more complex types, it is not necessary to annotate the full\ntype. Once the ambiguity is resolved, the compiler can infer the rest:\n\n```\nlet x: Vec<_> = \"hello\".chars().rev().collect();\n```\n\nAnother way to provide the compiler with enough information, is to specify the\ngeneric type parameter:\n\n```\nlet x = \"hello\".chars().rev().collect::<Vec<char>>();\n```\n\nAgain, you need not specify the full type if the compiler can infer it:\n\n```\nlet x = \"hello\".chars().rev().collect::<Vec<_>>();\n```\n\nApart from a method or function with a generic type parameter, this error can\noccur when a type parameter of a struct or trait cannot be inferred. In that\ncase it is not always possible to use a type annotation, because all candidates\nhave the same return type. For instance:\n\n```compile_fail,E0282\nstruct Foo<T> {\n    num: T,\n}\n\nimpl<T> Foo<T> {\n    fn bar() -> i32 {\n        0\n    }\n\n    fn baz() {\n        let number = Foo::bar();\n    }\n}\n```\n\nThis will fail because the compiler does not know which instance of `Foo` to\ncall `bar` on. Change `Foo::bar()` to `Foo::<T>::bar()` to resolve the error.\n"},"level":"error","spans":[{"file_name":"src/main.rs","byte_start":439,"byte_end":640,"line_start":16,"line_end":21,"column_start":5,"column_end":6,"is_primary":true,"text":[{"text":"    rsx! {","highlight_start":5,"highlight_end":11},{"text":"        document::Link { rel: \"icon\", href: FAVICON }","highlight_start":1,"highlight_end":54},{"text":"        document::Link { rel: \"stylesheet\", href: MAIN_CSS } document::Link { rel: \"stylesheet\", href: TAILWIND_CSS }","highlight_start":1,"highlight_end":118},{"text":"        Hero {}","highlight_start":1,"highlight_end":16},{"text":"","highlight_start":1,"highlight_end":1},{"text":"    }","highlight_start":1,"highlight_end":6}],"label":"cannot infer type","suggested_replacement":null,"suggestion_applicability":null,"expansion":{"span":{"file_name":"src/main.rs","byte_start":439,"byte_end":640,"line_start":16,"line_end":21,"column_start":5,"column_end":6,"is_primary":false,"text":[{"text":"    rsx! {","highlight_start":5,"highlight_end":11},{"text":"        document::Link { rel: \"icon\", href: FAVICON }","highlight_start":1,"highlight_end":54},{"text":"        document::Link { rel: \"stylesheet\", href: MAIN_CSS } document::Link { rel: \"stylesheet\", href: TAILWIND_CSS }","highlight_start":1,"highlight_end":118},{"text":"        Hero {}","highlight_start":1,"highlight_end":16},{"text":"","highlight_start":1,"highlight_end":1},{"text":"    }","highlight_start":1,"highlight_end":6}],"label":null,"suggested_replacement":null,"suggestion_applicability":null,"expansion":null},"macro_decl_name":"rsx!","def_site_span":{"file_name":"/Users/valentinrenaud/.cargo/registry/src/index.crates.io-1949cf8c6b5b557f/dioxus-core-macro-0.5.6/src/lib.rs","byte_start":1017,"byte_end":1063,"line_start":35,"line_end":35,"column_start":1,"column_end":47,"is_primary":false,"text":[{"text":"pub fn rsx(tokens: TokenStream) -> TokenStream {","highlight_start":1,"highlight_end":47}],"label":null,"suggested_replacement":null,"suggestion_applicability":null,"expansion":null}}}],"children":[],"rendered":"\u001b[1m\u001b[91merror[E0282]\u001b[0m\u001b[1m: type annotations needed\u001b[0m\n  \u001b[1m\u001b[94m--> \u001b[0msrc/main.rs:16:5\n   \u001b[1m\u001b[94m|\u001b[0m\n\u001b[1m\u001b[94m16\u001b[0m \u001b[1m\u001b[94m|\u001b[0m \u001b[1m\u001b[91m/\u001b[0m     rsx! {\n\u001b[1m\u001b[94m17\u001b[0m \u001b[1m\u001b[94m|\u001b[0m \u001b[1m\u001b[91m|\u001b[0m         document::Link { rel: \"icon\", href: FAVICON }\n\u001b[1m\u001b[94m18\u001b[0m \u001b[1m\u001b[94m|\u001b[0m \u001b[1m\u001b[91m|\u001b[0m         document::Link { rel: \"stylesheet\", href: MAIN_CSS } document::Link { rel: \"style\u001b[1m\u001b[94m...\u001b[0m\n\u001b[1m\u001b[94m19\u001b[0m \u001b[1m\u001b[94m|\u001b[0m \u001b[1m\u001b[91m|\u001b[0m         Hero {}\n\u001b[1m\u001b[94m20\u001b[0m \u001b[1m\u001b[94m|\u001b[0m \u001b[1m\u001b[91m|\u001b[0m\n\u001b[1m\u001b[94m21\u001b[0m \u001b[1m\u001b[94m|\u001b[0m \u001b[1m\u001b[91m|\u001b[0m     }\n   \u001b[1m\u001b[94m|\u001b[0m \u001b[1m\u001b[91m|_____^\u001b[0m \u001b[1m\u001b[91mcannot infer type\u001b[0m\n   \u001b[1m\u001b[94m|\u001b[0m\n   \u001b[1m\u001b[94m= \u001b[0m\u001b[1mnote\u001b[0m: this error originates in the macro `rsx` (in Nightly builds, run with -Z macro-backtrace for more info)\n\n"}
{"$message_type":"diagnostic","message":"failed to resolve: use of unresolved module or unlinked crate `document`","code":{"code":"E0433","explanation":"An undeclared crate, module, or type was used.\n\nErroneous code example:\n\n```compile_fail,E0433\nlet map = HashMap::new();\n// error: failed to resolve: use of undeclared type `HashMap`\n```\n\nPlease verify you didn't misspell the type/module's name or that you didn't\nforget to import it:\n\n```\nuse std::collections::HashMap; // HashMap has been imported.\nlet map: HashMap<u32, u32> = HashMap::new(); // So it can be used!\n```\n\nIf you've expected to use a crate name:\n\n```compile_fail\nuse ferris_wheel::BigO;\n// error: failed to resolve: use of undeclared module or unlinked crate\n```\n\nMake sure the crate has been added as a dependency in `Cargo.toml`.\n\nTo use a module from your current crate, add the `crate::` prefix to the path.\n"},"level":"error","spans":[{"file_name":"src/main.rs","byte_start":508,"byte_end":516,"line_start":18,"line_end":18,"column_start":9,"column_end":17,"is_primary":true,"text":[{"text":"        document::Link { rel: \"stylesheet\", href: MAIN_CSS } document::Link { rel: \"stylesheet\", href: TAILWIND_CSS }","highlight_start":9,"highlight_end":17}],"label":"use of unresolved module or unlinked crate `document`","suggested_replacement":null,"suggestion_applicability":null,"expansion":null}],"children":[{"message":"if you wanted to use a crate named `document`, use `cargo add document` to add it to your `Cargo.toml`","code":null,"level":"help","spans":[],"children":[],"rendered":null}],"rendered":"\u001b[1m\u001b[91merror[E0433]\u001b[0m\u001b[1m: failed to resolve: use of unresolved module or unlinked crate `document`\u001b[0m\n  \u001b[1m\u001b[94m--> \u001b[0msrc/main.rs:18:9\n   \u001b[1m\u001b[94m|\u001b[0m\n\u001b[1m\u001b[94m18\u001b[0m \u001b[1m\u001b[94m|\u001b[0m \u001b[1m\u001b[94m...\u001b[0m   document::Link { rel: \"stylesheet\", href: MAIN_CSS } document::Link { rel: \"styleshee\u001b[1m\u001b[94m...\u001b[0m\n   \u001b[1m\u001b[94m|\u001b[0m       \u001b[1m\u001b[91m^^^^^^^^\u001b[0m \u001b[1m\u001b[91muse of unresolved module or unlinked crate `document`\u001b[0m\n   \u001b[1m\u001b[94m|\u001b[0m\n   \u001b[1m\u001b[94m= \u001b[0m\u001b[1mhelp\u001b[0m: if you wanted to use a crate named `document`, use `cargo add document` to add it to your `Cargo.toml`\n\n"}
{"$message_type":"diagnostic","message":"failed to resolve: use of unresolved module or unlinked crate `document`","code":{"code":"E0433","explanation":"An undeclared crate, module, or type was used.\n\nErroneous code example:\n\n```compile_fail,E0433\nlet map = HashMap::new();\n// error: failed to resolve: use of undeclared type `HashMap`\n```\n\nPlease verify you didn't misspell the type/module's name or that you didn't\nforget to import it:\n\n```\nuse std::collections::HashMap; // HashMap has been imported.\nlet map: HashMap<u32, u32> = HashMap::new(); // So it can be used!\n```\n\nIf you've expected to use a crate name:\n\n```compile_fail\nuse ferris_wheel::BigO;\n// error: failed to resolve: use of undeclared module or unlinked crate\n```\n\nMake sure the crate has been added as a dependency in `Cargo.toml`.\n\nTo use a module from your current crate, add the `crate::` prefix to the path.\n"},"level":"error","spans":[{"file_name":"src/main.rs","byte_start":561,"byte_end":569,"line_start":18,"line_end":18,"column_start":62,"column_end":70,"is_primary":true,"text":[{"text":"        document::Link { rel: \"stylesheet\", href: MAIN_CSS } document::Link { rel: \"stylesheet\", href: TAILWIND_CSS }","highlight_start":62,"highlight_end":70}],"label":"use of unresolved module or unlinked crate `document`","suggested_replacement":null,"suggestion_applicability":null,"expansion":null}],"children":[{"message":"if you wanted to use a crate named `document`, use `cargo add document` to add it to your `Cargo.toml`","code":null,"level":"help","spans":[],"children":[],"rendered":null}],"rendered":"\u001b[1m\u001b[91merror[E0433]\u001b[0m\u001b[1m: failed to resolve: use of unresolved module or unlinked crate `document`\u001b[0m\n  \u001b[1m\u001b[94m--> \u001b[0msrc/main.rs:18:62\n   \u001b[1m\u001b[94m|\u001b[0m\n\u001b[1m\u001b[94m18\u001b[0m \u001b[1m\u001b[94m|\u001b[0m \u001b[1m\u001b[94m...\u001b[0m: MAIN_CSS } document::Link { rel: \"stylesheet\", href: TAILWIND_CSS }\n   \u001b[1m\u001b[94m|\u001b[0m                 \u001b[1m\u001b[91m^^^^^^^^\u001b[0m \u001b[1m\u001b[91muse of unresolved module or unlinked crate `document`\u001b[0m\n   \u001b[1m\u001b[94m|\u001b[0m\n   \u001b[1m\u001b[94m= \u001b[0m\u001b[1mhelp\u001b[0m: if you wanted to use a crate named `document`, use `cargo add document` to add it to your `Cargo.toml`\n\n"}
{"$message_type":"diagnostic","message":"aborting due to 12 previous errors; 1 warning emitted","code":null,"level":"error","spans":[],"children":[],"rendered":"\u001b[1m\u001b[91merror\u001b[0m\u001b[1m: aborting due to 12 previous errors; 1 warning emitted\u001b[0m\n\n"}
{"$message_type":"diagnostic","message":"Some errors have detailed explanations: E0282, E0412, E0433.","code":null,"level":"failure-note","spans":[],"children":[],"rendered":"\u001b[1mSome errors have detailed explanations: E0282, E0412, E0433.\u001b[0m\n"}
{"$message_type":"diagnostic","message":"For more information about an error, try `rustc --explain E0282`.","code":null,"level":"failure-note","spans":[],"children":[],"rendered":"\u001b[1mFor more information about an error, try `rustc --explain E0282`.\u001b[0m\n"}
